<?xml version="1.0" encoding="UTF-8"?>
<!-- Generated by org.testng.reporters.JUnitXMLReporter -->
<testsuite ignored="6" hostname="Mohammed-Windows" failures="1" tests="1" name="Default test" time="0.176" errors="0" timestamp="2025-07-18T11:49:30 IST">
  <testcase classname="com.testautomation.bookstore.tests.AuthenticationTest" name="registerInvalidUserTest" time="0.0">
    <failure type="java.lang.RuntimeException" message="com.fasterxml.jackson.core.io.JsonEOFException: Unexpected end-of-input: expected close marker for Array (start marker at [Source: REDACTED (`StreamReadFeature.INCLUDE_SOURCE_IN_LOCATION` disabled); line: 1, column: 1])
 at [Source: REDACTED (`StreamReadFeature.INCLUDE_SOURCE_IN_LOCATION` disabled); line: 14, column: 3]">
      <![CDATA[java.lang.RuntimeException: com.fasterxml.jackson.core.io.JsonEOFException: Unexpected end-of-input: expected close marker for Array (start marker at [Source: REDACTED (`StreamReadFeature.INCLUDE_SOURCE_IN_LOCATION` disabled); line: 1, column: 1])
 at [Source: REDACTED (`StreamReadFeature.INCLUDE_SOURCE_IN_LOCATION` disabled); line: 14, column: 3]
at org.testng.internal.invokers.MethodInvocationHelper.invokeMethodNoCheckedException(MethodInvocationHelper.java:58)
at org.testng.internal.invokers.MethodInvocationHelper.invokeDataProvider(MethodInvocationHelper.java:159)
at org.testng.internal.Parameters.handleParameters(Parameters.java:809)
at org.testng.internal.Parameters.handleParameters(Parameters.java:734)
at org.testng.internal.invokers.ParameterHandler.handleParameters(ParameterHandler.java:72)
at org.testng.internal.invokers.ParameterHandler.createParameters(ParameterHandler.java:51)
at org.testng.internal.invokers.TestInvoker$MethodInvocationAgent.invoke(TestInvoker.java:949)
at org.testng.internal.invokers.TestInvoker.invokeTestMethods(TestInvoker.java:203)
at org.testng.internal.invokers.TestMethodWorker.invokeTestMethods(TestMethodWorker.java:154)
at org.testng.internal.invokers.TestMethodWorker.run(TestMethodWorker.java:134)
at java.base/java.util.ArrayList.forEach(ArrayList.java:1596)
at org.testng.TestRunner.privateRun(TestRunner.java:741)
at org.testng.TestRunner.run(TestRunner.java:616)
at org.testng.SuiteRunner.runTest(SuiteRunner.java:421)
at org.testng.SuiteRunner.runSequentially(SuiteRunner.java:413)
at org.testng.SuiteRunner.privateRun(SuiteRunner.java:373)
at org.testng.SuiteRunner.run(SuiteRunner.java:312)
at org.testng.SuiteRunnerWorker.runSuite(SuiteRunnerWorker.java:52)
at org.testng.SuiteRunnerWorker.run(SuiteRunnerWorker.java:95)
at org.testng.TestNG.runSuitesSequentially(TestNG.java:1274)
at org.testng.TestNG.runSuitesLocally(TestNG.java:1208)
at org.testng.TestNG.runSuites(TestNG.java:1112)
at org.testng.TestNG.run(TestNG.java:1079)
at org.testng.remote.AbstractRemoteTestNG.run(AbstractRemoteTestNG.java:115)
at org.testng.remote.RemoteTestNG.initAndRun(RemoteTestNG.java:293)
at org.testng.remote.RemoteTestNG.main(RemoteTestNG.java:91)
Caused by: com.fasterxml.jackson.core.io.JsonEOFException: Unexpected end-of-input: expected close marker for Array (start marker at [Source: REDACTED (`StreamReadFeature.INCLUDE_SOURCE_IN_LOCATION` disabled); line: 1, column: 1])
 at [Source: REDACTED (`StreamReadFeature.INCLUDE_SOURCE_IN_LOCATION` disabled); line: 14, column: 3]
at com.fasterxml.jackson.core.base.ParserMinimalBase._reportInvalidEOF(ParserMinimalBase.java:642)
at com.fasterxml.jackson.core.base.ParserBase._handleEOF(ParserBase.java:530)
at com.fasterxml.jackson.core.base.ParserBase._eofAsNextChar(ParserBase.java:547)
at com.fasterxml.jackson.core.json.ReaderBasedJsonParser._skipWSOrEnd(ReaderBasedJsonParser.java:2490)
at com.fasterxml.jackson.core.json.ReaderBasedJsonParser.nextToken(ReaderBasedJsonParser.java:673)
at com.fasterxml.jackson.databind.deser.std.CollectionDeserializer._deserializeFromArray(CollectionDeserializer.java:351)
at com.fasterxml.jackson.databind.deser.std.CollectionDeserializer.deserialize(CollectionDeserializer.java:245)
at com.fasterxml.jackson.databind.deser.std.CollectionDeserializer.deserialize(CollectionDeserializer.java:29)
at com.fasterxml.jackson.databind.deser.DefaultDeserializationContext.readRootValue(DefaultDeserializationContext.java:342)
at com.fasterxml.jackson.databind.ObjectMapper._readMapAndClose(ObjectMapper.java:4971)
at com.fasterxml.jackson.databind.ObjectMapper.readValue(ObjectMapper.java:3887)
at com.fasterxml.jackson.databind.ObjectMapper.readValue(ObjectMapper.java:3870)
at com.testautomation.bookstore.testComponents.BaseTest.getJsonDataToMap(BaseTest.java:84)
at com.testautomation.bookstore.testComponents.BaseTest.getStructuredTestData(BaseTest.java:126)
at com.testautomation.bookstore.tests.AuthenticationTest.getInvalidRegistrationData(AuthenticationTest.java:79)
at java.base/jdk.internal.reflect.DirectMethodHandleAccessor.invoke(DirectMethodHandleAccessor.java:103)
at java.base/java.lang.reflect.Method.invoke(Method.java:580)
at org.testng.internal.invokers.MethodInvocationHelper.invokeMethod(MethodInvocationHelper.java:141)
at org.testng.internal.invokers.MethodInvocationHelper.invokeMethod(MethodInvocationHelper.java:86)
at org.testng.internal.invokers.MethodInvocationHelper.invokeMethodNoCheckedException(MethodInvocationHelper.java:54)
... 25 more
]]>
    </failure>
  </testcase> <!-- registerInvalidUserTest -->
  <testcase classname="com.testautomation.bookstore.tests.AuthenticationTest" name="invalidLoginData_showsFormLevelErrorsTest" time="0.0">
    <ignored/>
  </testcase> <!-- invalidLoginData_showsFormLevelErrorsTest -->
  <testcase classname="com.testautomation.bookstore.tests.AuthenticationTest" name="registerWithDuplicateEmailTest" time="0.0">
    <ignored/>
  </testcase> <!-- registerWithDuplicateEmailTest -->
  <testcase classname="com.testautomation.bookstore.tests.AuthenticationTest" name="loginValidUserTest" time="0.0">
    <ignored/>
  </testcase> <!-- loginValidUserTest -->
  <testcase classname="com.testautomation.bookstore.tests.AuthenticationTest" name="testLogout" time="0.0">
    <ignored/>
  </testcase> <!-- testLogout -->
  <testcase classname="com.testautomation.bookstore.tests.AuthenticationTest" name="invalidEmailFormat_showsFieldErrorTest" time="0.0">
    <ignored/>
  </testcase> <!-- invalidEmailFormat_showsFieldErrorTest -->
  <testcase classname="com.testautomation.bookstore.tests.AuthenticationTest" name="registerValidUserTest" time="0.0">
    <ignored/>
  </testcase> <!-- registerValidUserTest -->
</testsuite> <!-- Default test -->
